This file contains any messages produced by compilers while
running configure, to aid debugging if configure makes a mistake.

It was created by configure, which was
generated by GNU Autoconf 2.61.  Invocation command line was

  $ ./configure 

## --------- ##
## Platform. ##
## --------- ##

hostname = icarus
uname -m = i686
uname -r = 2.6.22-14-generic
uname -s = Linux
uname -v = #1 SMP Sun Oct 14 23:05:12 GMT 2007

/usr/bin/uname -p = unknown
/bin/uname -X     = unknown

/bin/arch              = unknown
/usr/bin/arch -k       = unknown
/usr/convex/getsysinfo = unknown
/usr/bin/hostinfo      = unknown
/bin/machine           = unknown
/usr/bin/oslevel       = unknown
/bin/universe          = unknown

PATH: /usr/local/sbin
PATH: /usr/local/bin
PATH: /usr/sbin
PATH: /usr/bin
PATH: /sbin
PATH: /bin
PATH: /usr/games


## ----------- ##
## Core tests. ##
## ----------- ##

configure:1714: checking build system type
configure:1732: result: i686-pc-linux-gnu
configure:1754: checking host system type
configure:1769: result: i686-pc-linux-gnu
configure:1791: checking target system type
configure:1806: result: i686-pc-linux-gnu
configure:1849: checking for a BSD-compatible install
configure:1905: result: /usr/bin/install -c
configure:1916: checking whether build environment is sane
configure:1959: result: yes
configure:2024: checking for gawk
configure:2054: result: no
configure:2024: checking for mawk
configure:2040: found /usr/bin/mawk
configure:2051: result: mawk
configure:2062: checking whether make sets $(MAKE)
configure:2083: result: yes
configure:2268: checking whether to enable maintainer-specific portions of Makefiles
configure:2277: result: no
configure:2295: checking for mono
configure:2313: found /usr/bin/mono
configure:2326: result: /usr/bin/mono
configure:2342: checking for gmcs
configure:2360: found /usr/bin/gmcs
configure:2373: result: /usr/bin/gmcs
configure:2436: checking for pkg-config
configure:2454: found /usr/bin/pkg-config
configure:2466: result: /usr/bin/pkg-config
configure:2495: checking pkg-config is at least version 0.9.0
configure:2498: result: yes
configure:2509: checking for TOMBOY
configure:2514: $PKG_CONFIG --exists --print-errors "tomboy-plugins"
Package tomboy-plugins was not found in the pkg-config search path.
Perhaps you should add the directory containing `tomboy-plugins.pc'
to the PKG_CONFIG_PATH environment variable
No package 'tomboy-plugins' found
configure:2517: $? = 1
configure:2528: $PKG_CONFIG --exists --print-errors "tomboy-plugins"
Package tomboy-plugins was not found in the pkg-config search path.
Perhaps you should add the directory containing `tomboy-plugins.pc'
to the PKG_CONFIG_PATH environment variable
No package 'tomboy-plugins' found
configure:2531: $? = 1
Package tomboy-plugins was not found in the pkg-config search path.
Perhaps you should add the directory containing `tomboy-plugins.pc'
to the PKG_CONFIG_PATH environment variable
No package 'tomboy-plugins' found
configure:2552: error: Package requirements (tomboy-plugins) were not met.
Consider adjusting the PKG_CONFIG_PATH environment variable if you
installed software in a non-standard prefix.

Alternatively you may set the TOMBOY_CFLAGS and TOMBOY_LIBS environment variables
to avoid the need to call pkg-config.  See the pkg-config man page for
more details.

## ---------------- ##
## Cache variables. ##
## ---------------- ##

ac_cv_build=i686-pc-linux-gnu
ac_cv_env_PKG_CONFIG_set=
ac_cv_env_PKG_CONFIG_value=
ac_cv_env_TOMBOY_CFLAGS_set=
ac_cv_env_TOMBOY_CFLAGS_value=
ac_cv_env_TOMBOY_LIBS_set=
ac_cv_env_TOMBOY_LIBS_value=
ac_cv_env_build_alias_set=
ac_cv_env_build_alias_value=
ac_cv_env_host_alias_set=
ac_cv_env_host_alias_value=
ac_cv_env_target_alias_set=
ac_cv_env_target_alias_value=
ac_cv_host=i686-pc-linux-gnu
ac_cv_path_MCS=/usr/bin/gmcs
ac_cv_path_MONO=/usr/bin/mono
ac_cv_path_ac_pt_PKG_CONFIG=/usr/bin/pkg-config
ac_cv_path_install='/usr/bin/install -c'
ac_cv_prog_AWK=mawk
ac_cv_prog_make_make_set=yes
ac_cv_target=i686-pc-linux-gnu

## ----------------- ##
## Output variables. ##
## ----------------- ##

ACLOCAL='${SHELL} /home/rsharp/Desktop/tomboy-plugin-trac-0.0.1/missing --run aclocal-1.9'
AMTAR='${SHELL} /home/rsharp/Desktop/tomboy-plugin-trac-0.0.1/missing --run tar'
AUTOCONF='${SHELL} /home/rsharp/Desktop/tomboy-plugin-trac-0.0.1/missing --run autoconf'
AUTOHEADER='${SHELL} /home/rsharp/Desktop/tomboy-plugin-trac-0.0.1/missing --run autoheader'
AUTOMAKE='${SHELL} /home/rsharp/Desktop/tomboy-plugin-trac-0.0.1/missing --run automake-1.9'
AWK='mawk'
CYGPATH_W='echo'
DEFS=''
ECHO_C=''
ECHO_N='-n'
ECHO_T=''
INSTALL_DATA='${INSTALL} -m 644'
INSTALL_PROGRAM='${INSTALL}'
INSTALL_SCRIPT='${INSTALL}'
INSTALL_STRIP_PROGRAM='${SHELL} $(install_sh) -c -s'
LIBOBJS=''
LIBS=''
LTLIBOBJS=''
MAINT='#'
MAINTAINER_MODE_FALSE=''
MAINTAINER_MODE_TRUE='#'
MAKEINFO='${SHELL} /home/rsharp/Desktop/tomboy-plugin-trac-0.0.1/missing --run makeinfo'
MCS='/usr/bin/gmcs'
MONO='/usr/bin/mono'
PACKAGE='tomboy-plugin-trac'
PACKAGE_BUGREPORT=''
PACKAGE_NAME=''
PACKAGE_STRING=''
PACKAGE_TARNAME=''
PACKAGE_VERSION=''
PATH_SEPARATOR=':'
PKG_CONFIG='/usr/bin/pkg-config'
PLUGINDIR=''
SET_MAKE=''
SHELL='/bin/bash'
STRIP=''
TOMBOY_CFLAGS=''
TOMBOY_LIBS=''
VERSION='0.0.1'
am__leading_dot='.'
am__tar='${AMTAR} chof - "$$tardir"'
am__untar='${AMTAR} xf -'
bindir='${exec_prefix}/bin'
build='i686-pc-linux-gnu'
build_alias=''
build_cpu='i686'
build_os='linux-gnu'
build_vendor='pc'
datadir='${datarootdir}'
datarootdir='${prefix}/share'
docdir='${datarootdir}/doc/${PACKAGE}'
dvidir='${docdir}'
exec_prefix='NONE'
host='i686-pc-linux-gnu'
host_alias=''
host_cpu='i686'
host_os='linux-gnu'
host_vendor='pc'
htmldir='${docdir}'
includedir='${prefix}/include'
infodir='${datarootdir}/info'
install_sh='/home/rsharp/Desktop/tomboy-plugin-trac-0.0.1/install-sh'
libdir='${exec_prefix}/lib'
libexecdir='${exec_prefix}/libexec'
localedir='${datarootdir}/locale'
localstatedir='${prefix}/var'
mandir='${datarootdir}/man'
mkdir_p='mkdir -p --'
oldincludedir='/usr/include'
pdfdir='${docdir}'
prefix='NONE'
program_transform_name='s,x,x,'
psdir='${docdir}'
sbindir='${exec_prefix}/sbin'
sharedstatedir='${prefix}/com'
sysconfdir='${prefix}/etc'
target='i686-pc-linux-gnu'
target_alias=''
target_cpu='i686'
target_os='linux-gnu'
target_vendor='pc'

## ----------- ##
## confdefs.h. ##
## ----------- ##

#define PACKAGE_NAME ""
#define PACKAGE_TARNAME ""
#define PACKAGE_VERSION ""
#define PACKAGE_STRING ""
#define PACKAGE_BUGREPORT ""
#define PACKAGE "tomboy-plugin-trac"
#define VERSION "0.0.1"

configure: exit 1
